2022-06-20 18:10:09,206 - root - INFO - ****test_tc001_homepage_title started****
2022-06-20 18:10:09,316 - root - INFO - ****test_tc002_login started****
2022-06-20 18:10:10,476 - root - INFO - ****Verifying the homepage title****
2022-06-20 18:10:10,476 - root - INFO - ****Homepage title matched and passed****
2022-06-20 18:10:10,831 - root - INFO - ****test_tc001_homepage_title completed****
2022-06-20 18:10:12,925 - root - INFO - ****Verifying the loginpage title****
2022-06-20 18:10:12,927 - root - INFO - ****Loginpage title matched and passed****
2022-06-20 18:10:13,285 - root - INFO - ****test_tc002_login completed****
2022-06-20 19:09:54,330 - root - INFO - ****test_tc002_login started****
2022-06-20 19:09:54,331 - root - INFO - ****test_tc001_homepage_title started****
2022-06-20 19:09:55,862 - root - INFO - ****Verifying the homepage title****
2022-06-20 19:09:55,862 - root - INFO - ****Homepage title matched and passed****
2022-06-20 19:09:56,220 - root - INFO - ****test_tc001_homepage_title completed****
2022-06-20 19:10:11,228 - root - INFO - ****Getting row count****
2022-06-20 19:10:11,248 - root - INFO - ****For loop iteration started****
2022-06-20 19:12:50,272 - root - INFO - ****test_tc002_login started****
2022-06-20 19:12:50,276 - root - INFO - ****test_tc001_homepage_title started****
2022-06-20 19:12:51,743 - root - INFO - ****Getting row count****
2022-06-20 19:12:51,767 - root - INFO - ****For loop iteration started****
2022-06-20 19:12:52,035 - root - INFO - ****Failed****
2022-06-20 19:13:07,309 - root - INFO - ****Verifying the homepage title****
2022-06-20 19:13:07,309 - root - INFO - ****Homepage title matched and passed****
2022-06-20 19:13:07,673 - root - INFO - ****test_tc001_homepage_title completed****
2022-06-20 19:16:08,061 - root - INFO - ****test_tc001_homepage_title started****
2022-06-20 19:16:08,145 - root - INFO - ****test_tc002_login started****
2022-06-20 19:16:09,648 - root - INFO - ****Getting row count****
2022-06-20 19:16:09,659 - root - INFO - ****Verifying the homepage title****
2022-06-20 19:16:09,659 - root - INFO - ****Homepage title matched and passed****
2022-06-20 19:16:09,674 - root - INFO - ****For loop iteration started****
2022-06-20 19:16:10,033 - root - INFO - ****test_tc001_homepage_title completed****
2022-06-20 19:16:14,984 - root - INFO - ****Failed****
2022-06-20 19:17:05,170 - root - INFO - ****test_tc001_homepage_title started****
2022-06-20 19:17:05,698 - root - INFO - ****test_tc002_login started****
2022-06-20 19:17:06,197 - root - INFO - ****Getting row count****
2022-06-20 19:17:06,215 - root - INFO - ****For loop iteration started****
2022-06-20 19:17:13,359 - root - INFO - ****Passed****
2022-06-20 19:17:26,349 - root - INFO - ****Verifying the homepage title****
2022-06-20 19:17:26,350 - root - INFO - ****Homepage title matched and passed****
2022-06-20 19:17:26,699 - root - INFO - ****test_tc001_homepage_title completed****
2022-06-20 19:19:11,956 - root - INFO - ****test_tc001_homepage_title started****
2022-06-20 19:19:12,032 - root - INFO - ****test_tc002_login started****
2022-06-20 19:19:12,465 - root - INFO - ****Verifying the homepage title****
2022-06-20 19:19:12,465 - root - INFO - ****Homepage title matched and passed****
2022-06-20 19:19:12,817 - root - INFO - ****test_tc001_homepage_title completed****
2022-06-20 19:19:13,410 - root - INFO - ****Getting row count****
2022-06-20 19:19:13,429 - root - INFO - ****For loop iteration started****
2022-06-20 19:19:30,552 - root - INFO - ****Passed****
2022-06-20 19:20:17,257 - root - INFO - ****test_tc002_login started****
2022-06-20 19:20:17,330 - root - INFO - ****test_tc001_homepage_title started****
2022-06-20 19:20:18,483 - root - INFO - ****Getting row count****
2022-06-20 19:20:18,507 - root - INFO - ****For loop iteration started****
2022-06-20 19:20:18,568 - root - INFO - ****Verifying the homepage title****
2022-06-20 19:20:18,569 - root - INFO - ****Homepage title matched and passed****
2022-06-20 19:20:18,911 - root - INFO - ****test_tc001_homepage_title completed****
2022-06-20 19:21:11,318 - root - INFO - ****Passed****
2022-06-20 19:22:03,197 - root - INFO - ****Passed****
2022-06-20 19:24:57,655 - root - INFO - ****test_tc002_login started****
2022-06-20 19:24:57,753 - root - INFO - ****test_tc001_homepage_title started****
2022-06-20 19:24:58,945 - root - INFO - ****Getting row count****
2022-06-20 19:24:58,961 - root - INFO - ****For loop iteration started****
2022-06-20 19:24:59,037 - root - INFO - ****Verifying the homepage title****
2022-06-20 19:24:59,037 - root - INFO - ****Homepage title matched and passed****
2022-06-20 19:24:59,379 - root - INFO - ****test_tc001_homepage_title completed****
2022-06-20 19:25:31,825 - root - INFO - ****Passed****
2022-06-20 19:26:05,444 - root - INFO - ****Passed****
2022-06-20 19:26:40,750 - root - INFO - ****Passed****
2022-06-20 19:27:11,053 - root - INFO - ****Passed****
2022-06-20 19:27:11,053 - root - INFO - ****For loop iteration completed****
2022-06-20 19:27:11,053 - root - INFO - ****Login DDT test passed****
2022-06-20 19:27:11,191 - root - INFO - ****test_tc002_login completed****
2022-06-21 15:13:34,822 - root - INFO - ****test_tc003_addcustomer started****
2022-06-21 15:17:00,915 - root - INFO - ****test_tc003_addcustomer started****
2022-06-21 15:17:18,210 - root - INFO - ****Trying to Login****
2022-06-21 15:17:22,927 - root - INFO - ****Login successful****
2022-06-21 15:17:22,928 - root - INFO - ****Add customer test started****
2022-06-21 15:25:23,944 - root - INFO - ****test_tc003_addcustomer started****
2022-06-21 15:25:25,849 - root - INFO - ****Trying to Login****
2022-06-21 15:25:49,594 - root - INFO - ****Login successful****
2022-06-21 15:25:49,594 - root - INFO - ****Add customer test started****
2022-06-21 15:34:05,319 - root - INFO - ****test_tc003_addcustomer started****
2022-06-21 15:34:07,092 - root - INFO - ****Trying to Login****
2022-06-21 15:34:30,828 - root - INFO - ****Login successful****
2022-06-21 15:34:30,828 - root - INFO - ****Add customer test started****
2022-06-21 15:37:49,703 - root - INFO - ****test_tc003_addcustomer started****
2022-06-21 15:38:06,602 - root - INFO - ****Trying to Login****
2022-06-21 15:38:11,402 - root - INFO - ****Login successful****
2022-06-21 15:38:11,402 - root - INFO - ****Add customer test started****
2022-06-21 15:38:54,756 - root - INFO - ****Proving customer info****
2022-06-21 15:39:01,107 - root - INFO - ****Proving customer info completed****
2022-06-21 15:39:01,107 - root - INFO - ****Saving customer info started****
2022-06-21 15:39:03,359 - root - INFO - ****Saving customer info completed****
2022-06-21 15:39:03,359 - root - INFO - ****Add customer validation started****
2022-06-21 15:39:03,378 - root - INFO - ****Add customer test passed****
2022-06-21 15:39:03,378 - root - INFO - ****Add customer validation completed****
2022-06-21 15:39:03,438 - root - INFO - ****test_tc003_addcustomer started****
2022-06-21 15:40:31,921 - root - INFO - ****test_tc003_addcustomer started****
2022-06-21 15:40:33,440 - root - INFO - ****Trying to Login****
2022-06-21 15:40:36,712 - root - INFO - ****Login successful****
2022-06-21 15:40:36,712 - root - INFO - ****Add customer test started****
2022-06-21 15:41:19,151 - root - INFO - ****Proving customer info****
2022-06-21 15:41:25,528 - root - INFO - ****Proving customer info completed****
2022-06-21 15:41:25,529 - root - INFO - ****Saving customer info started****
2022-06-21 15:41:27,955 - root - INFO - ****Saving customer info completed****
2022-06-21 15:41:27,955 - root - INFO - ****Add customer validation started****
2022-06-21 15:41:27,985 - root - INFO - ****Add customer test passed****
2022-06-21 15:41:27,985 - root - INFO - ****Add customer validation completed****
2022-06-21 15:41:38,068 - root - INFO - ****test_tc003_addcustomer started****
2022-06-21 15:42:30,159 - root - INFO - ****test_tc003_addcustomer started****
2022-06-21 15:42:31,919 - root - INFO - ****Trying to Login****
2022-06-21 15:42:35,638 - root - INFO - ****Login successful****
2022-06-21 15:42:35,638 - root - INFO - ****Add customer test started****
2022-06-21 15:43:23,594 - root - INFO - ****Proving customer info****
2022-06-21 15:47:20,102 - root - INFO - ****test_tc003_addcustomer started****
2022-06-21 15:47:21,617 - root - INFO - ****Trying to Login****
2022-06-21 15:47:26,503 - root - INFO - ****Login successful****
2022-06-21 15:47:26,503 - root - INFO - ****Add customer test started****
2022-06-21 15:48:25,762 - root - INFO - ****Proving customer info****
2022-06-21 15:48:38,226 - root - INFO - ****Proving customer info completed****
2022-06-21 15:48:38,227 - root - INFO - ****Saving customer info started****
2022-06-21 15:48:39,760 - root - INFO - ****Saving customer info completed****
2022-06-21 15:48:39,760 - root - INFO - ****Add customer validation started****
2022-06-21 15:48:39,776 - root - INFO - ****Add customer test passed****
2022-06-21 15:48:39,776 - root - INFO - ****Add customer validation completed****
2022-06-21 15:48:49,862 - root - INFO - ****test_tc003_addcustomer started****
2022-06-21 16:02:15,220 - root - INFO - ****test_tc003_addcustomer started****
2022-06-21 16:02:26,007 - root - INFO - ****Trying to Login****
2022-06-21 16:02:29,664 - root - INFO - ****Login successful****
2022-06-21 16:02:29,664 - root - INFO - ****Add customer test started****
2022-06-21 16:03:03,427 - root - INFO - ****Proving customer info****
2022-06-21 16:03:20,885 - root - INFO - ****Proving customer info completed****
2022-06-21 16:03:20,885 - root - INFO - ****Saving customer info started****
2022-06-21 16:03:22,402 - root - INFO - ****Saving customer info completed****
2022-06-21 16:03:22,403 - root - INFO - ****Add customer validation started****
2022-06-21 16:03:22,421 - root - INFO - ****Add customer test passed****
2022-06-21 16:03:22,421 - root - INFO - ****Add customer validation completed****
2022-06-21 16:03:32,500 - root - INFO - ****test_tc003_addcustomer started****
2022-06-21 16:06:01,293 - root - INFO - ****test_tc003_addcustomer started****
2022-06-21 16:06:03,007 - root - INFO - ****Trying to Login****
2022-06-21 16:06:06,573 - root - INFO - ****Login successful****
2022-06-21 16:06:06,573 - root - INFO - ****Add customer test started****
2022-06-21 16:06:49,969 - root - INFO - ****test_tc003_addcustomer started****
2022-06-21 16:06:51,746 - root - INFO - ****Trying to Login****
2022-06-21 16:07:10,800 - root - INFO - ****Login successful****
2022-06-21 16:07:10,800 - root - INFO - ****Add customer test started****
2022-06-21 16:07:44,930 - root - INFO - ****Proving customer info****
2022-06-21 16:08:02,400 - root - INFO - ****Proving customer info completed****
2022-06-21 16:08:02,400 - root - INFO - ****Saving customer info started****
2022-06-21 16:08:03,878 - root - INFO - ****Saving customer info completed****
2022-06-21 16:08:03,879 - root - INFO - ****Add customer validation started****
2022-06-21 16:08:03,895 - root - INFO - ****Add customer test passed****
2022-06-21 16:08:03,895 - root - INFO - ****Add customer validation completed****
2022-06-21 16:08:13,974 - root - INFO - ****test_tc003_addcustomer started****
2022-06-21 16:09:26,624 - root - INFO - ****test_tc003_addcustomer started****
2022-06-21 16:09:28,312 - root - INFO - ****Trying to Login****
2022-06-21 16:09:31,723 - root - INFO - ****Login successful****
2022-06-21 16:09:31,723 - root - INFO - ****Add customer test started****
2022-06-21 16:10:38,880 - root - INFO - ****test_tc003_addcustomer started****
2022-06-21 16:11:11,347 - root - INFO - ****Trying to Login****
2022-06-21 16:11:26,841 - root - INFO - ****test_tc003_addcustomer started****
2022-06-21 16:11:28,232 - root - INFO - ****Trying to Login****
2022-06-21 16:11:33,232 - root - INFO - ****Login successful****
2022-06-21 16:11:33,233 - root - INFO - ****Add customer test started****
2022-06-21 16:12:05,432 - root - INFO - ****Proving customer info****
2022-06-21 16:12:32,932 - root - INFO - ****Proving customer info completed****
2022-06-21 16:12:32,932 - root - INFO - ****Saving customer info started****
2022-06-21 16:12:34,235 - root - INFO - ****Saving customer info completed****
2022-06-21 16:12:34,236 - root - INFO - ****Add customer validation started****
2022-06-21 16:12:34,255 - root - INFO - ****Add customer test passed****
2022-06-21 16:12:34,256 - root - INFO - ****Add customer validation completed****
2022-06-21 16:12:44,337 - root - INFO - ****test_tc003_addcustomer started****
2022-06-21 16:43:13,760 - root - INFO - ****test_tc003_addcustomer started****
2022-06-21 16:43:30,787 - root - INFO - ****Trying to Login****
2022-06-21 16:43:35,853 - root - INFO - ****Login successful****
2022-06-21 16:43:35,853 - root - INFO - ****Add customer test started****
2022-06-21 16:44:08,171 - root - INFO - ****Proving customer info****
2022-06-21 16:44:08,503 - root - INFO - ****Proving customer info completed****
2022-06-21 16:44:08,503 - root - INFO - ****Saving customer info started****
2022-06-21 16:44:11,227 - root - INFO - ****Saving customer info completed****
2022-06-21 16:44:11,228 - root - INFO - ****Add customer validation started****
2022-06-21 16:44:11,243 - root - INFO - ****Add customer test passed****
2022-06-21 16:44:11,243 - root - INFO - ****Add customer validation completed****
2022-06-21 16:44:21,315 - root - INFO - ****test_tc003_addcustomer started****
2022-06-21 16:45:22,652 - root - INFO - ****test_tc003_addcustomer started****
2022-06-21 16:45:23,347 - root - INFO - ****Trying to Login****
2022-06-21 16:45:27,198 - root - INFO - ****Login successful****
2022-06-21 16:45:27,198 - root - INFO - ****Add customer test started****
2022-06-21 16:46:16,272 - root - INFO - ****test_tc003_addcustomer started****
2022-06-21 16:46:17,764 - root - INFO - ****Trying to Login****
2022-06-21 16:46:23,520 - root - INFO - ****Login successful****
2022-06-21 16:46:23,520 - root - INFO - ****Add customer test started****
2022-06-21 16:48:32,711 - root - INFO - ****Proving customer info****
2022-06-21 16:48:58,999 - root - INFO - ****test_tc003_addcustomer started****
2022-06-21 16:49:11,229 - root - INFO - ****Trying to Login****
2022-06-21 16:49:14,765 - root - INFO - ****Login successful****
2022-06-21 16:49:14,765 - root - INFO - ****Add customer test started****
2022-06-21 16:50:22,135 - root - INFO - ****test_tc003_addcustomer started****
2022-06-21 16:50:38,994 - root - INFO - ****Trying to Login****
2022-06-21 16:50:44,365 - root - INFO - ****Login successful****
2022-06-21 16:50:44,365 - root - INFO - ****Add customer test started****
2022-06-21 16:51:16,829 - root - INFO - ****Proving customer info****
2022-06-21 16:51:17,178 - root - INFO - ****Proving customer info completed****
2022-06-21 16:51:17,178 - root - INFO - ****Saving customer info started****
2022-06-21 16:51:18,668 - root - INFO - ****Saving customer info completed****
2022-06-21 16:51:18,668 - root - INFO - ****Add customer validation started****
2022-06-21 16:53:11,250 - root - INFO - ****test_tc003_addcustomer started****
2022-06-21 16:53:28,572 - root - INFO - ****Trying to Login****
2022-06-21 16:53:33,818 - root - INFO - ****Login successful****
2022-06-21 16:53:33,818 - root - INFO - ****Add customer test started****
2022-06-21 16:54:07,087 - root - INFO - ****Proving customer info****
2022-06-21 16:54:07,420 - root - INFO - ****Proving customer info completed****
2022-06-21 16:54:07,420 - root - INFO - ****Saving customer info started****
2022-06-21 16:54:09,160 - root - INFO - ****Saving customer info completed****
2022-06-21 16:54:09,160 - root - INFO - ****Add customer validation started****
2022-06-21 16:54:09,179 - root - INFO - ****Add customer test passed****
2022-06-21 16:54:09,179 - root - INFO - ****Add customer validation completed****
2022-06-21 16:54:19,260 - root - INFO - ****test_tc003_addcustomer started****
2022-06-21 17:02:27,508 - root - INFO - ****test_tc003_addcustomer started****
2022-06-21 17:02:29,228 - root - INFO - ****Trying to Login****
2022-06-21 17:03:02,494 - root - INFO - ****Login successful****
2022-06-21 17:03:02,494 - root - INFO - ****Add customer test started****
2022-06-21 17:03:37,092 - root - INFO - ****Proving customer info****
2022-06-21 17:03:37,428 - root - INFO - ****Proving customer info completed****
2022-06-21 17:03:37,429 - root - INFO - ****Saving customer info started****
2022-06-21 17:03:39,100 - root - INFO - ****Saving customer info completed****
2022-06-21 17:03:39,100 - root - INFO - ****Add customer validation started****
2022-06-21 17:03:39,123 - root - INFO - ****Add customer test passed****
2022-06-21 17:03:39,123 - root - INFO - ****Add customer validation completed****
2022-06-21 17:03:49,203 - root - INFO - ****test_tc003_addcustomer started****
2022-06-21 17:23:54,373 - root - INFO - ****test_tc003_addcustomer started****
2022-06-21 17:23:55,842 - root - INFO - ****Trying to Login****
2022-06-21 17:24:00,738 - root - INFO - ****Login successful****
2022-06-21 17:24:00,738 - root - INFO - ****Add customer test started****
2022-06-21 17:24:37,254 - root - INFO - ****Proving customer info****
2022-06-21 17:24:37,585 - root - INFO - ****Proving customer info completed****
2022-06-21 17:24:37,586 - root - INFO - ****Saving customer info started****
2022-06-21 17:24:39,608 - root - INFO - ****Saving customer info completed****
2022-06-21 17:24:39,608 - root - INFO - ****Add customer validation started****
2022-06-21 17:24:39,823 - root - ERROR - ****Add customer test failed****
2022-06-21 18:50:35,391 - root - INFO - ****test_tc004_searchcustomer started****
2022-06-21 18:50:40,527 - root - INFO - ****Trying to Login****
2022-06-21 18:50:58,539 - root - INFO - ****Login successful****
2022-06-21 18:50:58,540 - root - INFO - ****Search customer test started****
2022-06-21 18:51:11,778 - root - INFO - ****test_tc004_searchcustomer started****
2022-06-21 18:51:13,558 - root - INFO - ****Trying to Login****
2022-06-21 18:51:18,434 - root - INFO - ****Login successful****
2022-06-21 18:51:18,434 - root - INFO - ****Search customer test started****
2022-06-21 18:51:49,372 - root - INFO - ****Proving customer info****
2022-06-21 18:52:06,000 - root - INFO - ****test_tc004_searchcustomer started****
2022-06-21 18:52:23,375 - root - INFO - ****Trying to Login****
2022-06-21 18:52:28,975 - root - INFO - ****Login successful****
2022-06-21 18:52:28,976 - root - INFO - ****Search customer test started****
2022-06-21 18:53:11,669 - root - INFO - ****Proving customer info****
2022-06-21 18:54:47,855 - root - INFO - ****test_tc003_addcustomer started****
2022-06-21 18:55:11,213 - root - INFO - ****Trying to Login****
2022-06-21 18:55:15,891 - root - INFO - ****Login successful****
2022-06-21 18:55:15,891 - root - INFO - ****Add customer test started****
2022-06-21 18:55:50,895 - root - INFO - ****Proving customer info****
2022-06-21 18:55:51,279 - root - INFO - ****Proving customer info completed****
2022-06-21 18:55:51,279 - root - INFO - ****Saving customer info started****
2022-06-21 18:55:52,597 - root - INFO - ****Saving customer info completed****
2022-06-21 18:55:52,597 - root - INFO - ****Add customer validation started****
2022-06-21 18:55:52,612 - root - INFO - ****Add customer test passed****
2022-06-21 18:55:52,612 - root - INFO - ****Add customer validation completed****
2022-06-21 18:56:02,687 - root - INFO - ****test_tc003_addcustomer started****
2022-06-21 18:57:28,652 - root - INFO - ****test_tc004_searchcustomer started****
2022-06-21 18:57:30,169 - root - INFO - ****Trying to Login****
2022-06-21 18:57:51,064 - root - INFO - ****Login successful****
2022-06-21 18:57:51,064 - root - INFO - ****Search customer test started****
2022-06-21 18:58:22,970 - root - INFO - ****Proving customer info****
2022-06-21 18:58:23,063 - root - INFO - ****Email match pass****
2022-06-21 18:58:28,144 - root - INFO - ****test_tc004_searchcustomer completed****
2022-06-21 19:28:18,790 - root - INFO - ****test_tc003_addcustomer started****
2022-06-21 19:28:36,122 - root - INFO - ****Trying to Login****
2022-06-21 19:28:41,073 - root - INFO - ****Login successful****
2022-06-21 19:28:41,073 - root - INFO - ****Add customer test started****
2022-06-21 19:29:14,347 - root - INFO - ****Proving customer info****
2022-06-21 19:29:14,674 - root - INFO - ****Proving customer info completed****
2022-06-21 19:29:14,674 - root - INFO - ****Saving customer info started****
2022-06-21 19:29:16,226 - root - INFO - ****Saving customer info completed****
2022-06-21 19:29:16,226 - root - INFO - ****Add customer validation started****
2022-06-21 19:29:16,242 - root - INFO - ****Add customer test passed****
2022-06-21 19:29:16,242 - root - INFO - ****Add customer validation completed****
2022-06-21 19:29:26,321 - root - INFO - ****test_tc003_addcustomer started****
2022-06-21 19:30:31,080 - root - INFO - ****test_tc004_searchcustomer started****
2022-06-21 19:30:31,081 - root - INFO - ****test_tc005_searchcustomer_name started****
2022-06-21 19:30:32,683 - root - INFO - ****Trying to Login****
2022-06-21 19:30:32,851 - root - INFO - ****Trying to Login****
2022-06-21 19:30:45,290 - root - INFO - ****Login successful****
2022-06-21 19:30:45,306 - root - INFO - ****Search customer via email id test started****
2022-06-21 19:30:53,377 - root - INFO - ****Login successful****
2022-06-21 19:31:17,948 - root - INFO - ****Proving customer info****
2022-06-21 19:32:31,763 - root - INFO - ****test_tc004_searchcustomer started****
2022-06-21 19:32:33,503 - root - INFO - ****Trying to Login****
2022-06-21 19:33:47,925 - root - INFO - ****Login successful****
2022-06-21 19:33:47,925 - root - INFO - ****Search customer via email id test started****
2022-06-21 19:33:48,747 - root - INFO - ****test_tc005_searchcustomer_name started****
2022-06-21 19:33:50,305 - root - INFO - ****Trying to Login****
2022-06-21 19:33:55,152 - root - INFO - ****Login successful****
2022-06-21 19:34:26,358 - root - INFO - ****Proving customer firstname info****
2022-06-21 19:34:31,439 - root - INFO - ****Proving customer lastname info****
2022-06-21 19:41:13,339 - root - INFO - ****test_tc004_searchcustomer started****
2022-06-21 19:41:15,033 - root - INFO - ****Trying to Login****
2022-06-21 19:41:18,702 - root - INFO - ****Login successful****
2022-06-21 19:41:18,702 - root - INFO - ****Search customer via email id test started****
2022-06-21 19:41:49,737 - root - INFO - ****test_tc005_searchcustomer_name started****
2022-06-21 19:41:51,384 - root - INFO - ****Trying to Login****
2022-06-21 19:42:10,317 - root - INFO - ****Login successful****
2022-06-21 19:42:43,124 - root - INFO - ****Proving customer firstname info****
2022-06-21 20:14:59,287 - root - INFO - ****test_tc004_searchcustomer started****
2022-06-21 20:15:00,003 - root - INFO - ****Trying to Login****
2022-06-21 20:15:08,139 - root - INFO - ****Login successful****
2022-06-21 20:15:08,140 - root - INFO - ****Search customer via email id test started****
2022-06-21 20:15:40,737 - root - INFO - ****Proving customer info****
2022-06-21 20:15:41,678 - root - INFO - ****test_tc005_searchcustomer_name started****
2022-06-21 20:15:42,460 - root - INFO - ****Trying to Login****
2022-06-21 20:15:45,966 - root - INFO - ****Login successful****
2022-06-21 20:20:54,495 - root - INFO - ****test_tc003_addcustomer started****
2022-06-21 20:20:56,162 - root - INFO - ****Trying to Login****
2022-06-21 20:20:59,673 - root - INFO - ****Login successful****
2022-06-21 20:20:59,673 - root - INFO - ****Add customer test started****
2022-06-21 20:21:38,381 - root - INFO - ****test_tc003_addcustomer started****
2022-06-21 20:21:39,134 - root - INFO - ****Trying to Login****
2022-06-21 20:21:42,740 - root - INFO - ****Login successful****
2022-06-21 20:21:42,740 - root - INFO - ****Add customer test started****
2022-06-21 20:22:16,761 - root - INFO - ****Proving customer info****
2022-06-21 20:22:17,097 - root - INFO - ****Proving customer info completed****
2022-06-21 20:22:17,097 - root - INFO - ****Saving customer info started****
2022-06-21 20:22:18,739 - root - INFO - ****Saving customer info completed****
2022-06-21 20:22:18,739 - root - INFO - ****Add customer validation started****
2022-06-21 20:22:18,756 - root - INFO - ****Add customer test passed****
2022-06-21 20:22:18,756 - root - INFO - ****Add customer validation completed****
2022-06-21 20:22:28,938 - root - INFO - ****test_tc003_addcustomer started****
2022-06-21 20:23:09,175 - root - INFO - ****test_tc004_searchcustomer started****
2022-06-21 20:23:10,695 - root - INFO - ****Trying to Login****
2022-06-21 20:23:14,537 - root - INFO - ****Login successful****
2022-06-21 20:23:14,537 - root - INFO - ****Search customer via email id test started****
2022-06-21 20:23:45,424 - root - INFO - ****Proving customer info****
2022-06-21 20:23:46,860 - root - INFO - ****Email match pass****
2022-06-21 20:23:51,940 - root - INFO - ****test_tc004_searchcustomer completed****
2022-06-21 20:23:52,650 - root - INFO - ****test_tc005_searchcustomer_name started****
2022-06-21 20:23:53,365 - root - INFO - ****Trying to Login****
2022-06-21 20:23:56,796 - root - INFO - ****Login successful****
2022-06-21 20:24:28,849 - root - INFO - ****Proving customer firstname info****
2022-06-21 20:24:33,939 - root - INFO - ****Proving customer lastname info****
2022-06-21 20:28:18,108 - root - INFO - ****test_tc005_searchcustomer_name started****
2022-06-21 20:28:35,192 - root - INFO - ****Trying to Login****
2022-06-21 20:28:39,761 - root - INFO - ****Login successful****
2022-06-21 20:29:11,363 - root - INFO - ****Proving customer firstname info****
2022-06-21 20:31:44,017 - root - INFO - ****test_tc005_searchcustomer_name started****
2022-06-21 20:32:00,917 - root - INFO - ****Trying to Login****
2022-06-21 20:32:05,433 - root - INFO - ****Login successful****
2022-06-21 20:32:37,379 - root - INFO - ****Proving customer firstname info****
2022-06-21 20:38:56,423 - root - INFO - ****test_tc005_searchcustomer_name started****
2022-06-21 20:38:58,186 - root - INFO - ****Trying to Login****
2022-06-21 20:39:01,888 - root - INFO - ****Login successful****
2022-06-21 20:39:55,765 - root - INFO - ****test_tc005_searchcustomer_name started****
2022-06-21 20:39:57,145 - root - INFO - ****Trying to Login****
2022-06-21 20:40:02,122 - root - INFO - ****Login successful****
2022-06-21 20:40:38,890 - root - INFO - ****Proving customer firstname info****
2022-06-21 20:45:54,946 - root - INFO - ****test_tc004_searchcustomer started****
2022-06-21 20:45:56,527 - root - INFO - ****Trying to Login****
2022-06-21 20:46:06,049 - root - INFO - ****Login successful****
2022-06-21 20:46:06,049 - root - INFO - ****Search customer via email id test started****
2022-06-21 20:46:37,467 - root - INFO - ****Proving customer info****
2022-06-22 12:15:24,851 - root - INFO - **** test_004_searchcustomer_by_email execution started ****
2022-06-22 12:15:24,884 - root - INFO - **** Trying to login into application ****
2022-06-22 12:15:38,676 - root - INFO - **** Login Successful ****
2022-06-22 12:15:38,676 - root - INFO - **** Search customer by email started ****
2022-06-22 12:15:56,027 - root - INFO - **** test_005_searchcustomer_by_name execution started ****
2022-06-22 12:15:56,044 - root - INFO - **** Trying to login into application ****
2022-06-22 12:17:08,011 - root - INFO - **** test_004_searchcustomer_by_email execution started ****
2022-06-22 12:17:08,029 - root - INFO - **** Trying to login into application ****
2022-06-22 12:17:37,567 - root - INFO - **** Login Successful ****
2022-06-22 12:17:37,567 - root - INFO - **** Search customer by email started ****
2022-06-22 12:19:48,452 - root - INFO - **** test_005_searchcustomer_by_name execution started ****
2022-06-22 12:19:48,470 - root - INFO - **** Trying to login into application ****
2022-06-22 12:19:59,674 - root - INFO - **** Login Successful ****
2022-06-22 12:19:59,674 - root - INFO - **** Search customer by name started ****
2022-06-22 12:22:56,899 - root - INFO - **** test_004_searchcustomer_by_email execution started ****
2022-06-22 12:22:56,917 - root - INFO - **** Trying to login into application ****
2022-06-22 12:23:17,392 - root - INFO - **** Login Successful ****
2022-06-22 12:23:17,392 - root - INFO - **** Search customer by email started ****
2022-06-22 12:23:55,927 - root - INFO - **** test_005_searchcustomer_by_name execution started ****
2022-06-22 12:23:55,928 - root - INFO - **** Trying to login into application ****
2022-06-22 12:24:17,800 - root - INFO - **** Login Successful ****
2022-06-22 12:24:17,800 - root - INFO - **** Search customer by name started ****
2022-06-22 12:28:00,012 - root - INFO - **** test_004_searchcustomer_by_email execution started ****
2022-06-22 12:28:00,030 - root - INFO - **** Trying to login into application ****
2022-06-22 12:28:05,223 - root - INFO - **** Login Successful ****
2022-06-22 12:28:05,223 - root - INFO - **** Search customer by email started ****
2022-06-22 12:28:43,083 - root - INFO - **** test_005_searchcustomer_by_name execution started ****
2022-06-22 12:28:43,083 - root - INFO - **** Trying to login into application ****
2022-06-22 12:28:48,942 - root - INFO - **** Login Successful ****
2022-06-22 12:28:48,943 - root - INFO - **** Search customer by name started ****
2022-06-22 12:31:51,208 - root - INFO - **** test_004_searchcustomer_by_email execution started ****
2022-06-22 12:31:51,208 - root - INFO - **** Trying to login into application ****
2022-06-22 12:32:11,966 - root - INFO - **** Login Successful ****
2022-06-22 12:32:11,967 - root - INFO - **** Search customer by email started ****
2022-06-22 12:32:49,003 - root - INFO - **** Search customer by email completed ****
2022-06-22 12:32:49,004 - root - INFO - **** test_004_searchcustomer_by_email execution completed ****
2022-06-22 12:32:52,796 - root - INFO - **** test_005_searchcustomer_by_name execution started ****
2022-06-22 12:32:52,796 - root - INFO - **** Trying to login into application ****
2022-06-22 12:33:25,163 - root - INFO - **** Login Successful ****
2022-06-22 12:33:25,164 - root - INFO - **** Search customer by name started ****
2022-06-22 12:34:03,138 - root - INFO - **** Search customer by name completed ****
2022-06-22 12:34:03,139 - root - INFO - **** test_005_searchcustomer_by_name execution completed ****
2022-06-22 12:35:18,479 - root - INFO - **** test_004_searchcustomer_by_email execution started ****
2022-06-22 12:35:18,498 - root - INFO - **** Trying to login into application ****
2022-06-22 12:35:37,502 - root - INFO - **** Login Successful ****
2022-06-22 12:35:37,502 - root - INFO - **** Search customer by email started ****
2022-06-22 12:36:15,522 - root - INFO - **** test_005_searchcustomer_by_name execution started ****
2022-06-22 12:36:15,539 - root - INFO - **** Trying to login into application ****
2022-06-22 12:36:19,482 - root - INFO - **** Login Successful ****
2022-06-22 12:36:19,482 - root - INFO - **** Search customer by name started ****
2022-06-23 07:26:55,087 - root - INFO - ****test_tc003_addcustomer started****
2022-06-23 07:26:55,087 - root - INFO - ****test_tc003_addcustomer started****
2022-06-23 07:26:55,087 - root - INFO - ****test_tc003_addcustomer started****
2022-06-23 07:26:55,087 - root - INFO - ****test_tc003_addcustomer started****
2022-06-23 07:26:56,777 - root - INFO - ****Trying to Login****
2022-06-23 07:26:56,777 - root - INFO - ****Trying to Login****
2022-06-23 07:26:56,777 - root - INFO - ****Trying to Login****
2022-06-23 07:26:56,777 - root - INFO - ****Trying to Login****
2022-06-23 07:27:18,133 - root - INFO - ****Login successful****
2022-06-23 07:27:18,133 - root - INFO - ****Login successful****
2022-06-23 07:27:18,133 - root - INFO - ****Login successful****
2022-06-23 07:27:18,133 - root - INFO - ****Login successful****
2022-06-23 07:27:18,134 - root - INFO - ****Add customer test started****
2022-06-23 07:27:18,134 - root - INFO - ****Add customer test started****
2022-06-23 07:27:18,134 - root - INFO - ****Add customer test started****
2022-06-23 07:27:18,134 - root - INFO - ****Add customer test started****
2022-06-23 07:27:49,170 - root - INFO - ****test_tc002_login started****
2022-06-23 07:27:49,170 - root - INFO - ****test_tc002_login started****
2022-06-23 07:27:49,170 - root - INFO - ****test_tc002_login started****
2022-06-23 07:27:49,170 - root - INFO - ****test_tc002_login started****
2022-06-23 07:27:55,406 - root - INFO - ****Verifying the loginpage title****
2022-06-23 07:27:55,406 - root - INFO - ****Verifying the loginpage title****
2022-06-23 07:27:55,406 - root - INFO - ****Verifying the loginpage title****
2022-06-23 07:27:55,406 - root - INFO - ****Verifying the loginpage title****
2022-06-23 07:27:55,409 - root - INFO - ****Loginpage title matched and passed****
2022-06-23 07:27:55,409 - root - INFO - ****Loginpage title matched and passed****
2022-06-23 07:27:55,409 - root - INFO - ****Loginpage title matched and passed****
2022-06-23 07:27:55,409 - root - INFO - ****Loginpage title matched and passed****
2022-06-23 07:27:55,472 - root - INFO - ****test_tc002_login completed****
2022-06-23 07:27:55,472 - root - INFO - ****test_tc002_login completed****
2022-06-23 07:27:55,472 - root - INFO - ****test_tc002_login completed****
2022-06-23 07:27:55,472 - root - INFO - ****test_tc002_login completed****
2022-06-23 07:28:23,178 - root - INFO - ****test_tc003_addcustomer started****
2022-06-23 07:28:23,178 - root - INFO - ****test_tc003_addcustomer started****
2022-06-23 07:28:23,178 - root - INFO - ****test_tc003_addcustomer started****
2022-06-23 07:28:23,178 - root - INFO - ****test_tc003_addcustomer started****
2022-06-23 07:28:24,958 - root - INFO - ****Trying to Login****
2022-06-23 07:28:24,958 - root - INFO - ****Trying to Login****
2022-06-23 07:28:24,958 - root - INFO - ****Trying to Login****
2022-06-23 07:28:24,958 - root - INFO - ****Trying to Login****
2022-06-23 07:28:28,600 - root - INFO - ****Login successful****
2022-06-23 07:28:28,600 - root - INFO - ****Login successful****
2022-06-23 07:28:28,600 - root - INFO - ****Login successful****
2022-06-23 07:28:28,600 - root - INFO - ****Login successful****
2022-06-23 07:28:28,600 - root - INFO - ****Add customer test started****
2022-06-23 07:28:28,600 - root - INFO - ****Add customer test started****
2022-06-23 07:28:28,600 - root - INFO - ****Add customer test started****
2022-06-23 07:28:28,600 - root - INFO - ****Add customer test started****
2022-06-23 07:29:13,849 - root - INFO - ****Proving customer info****
2022-06-23 07:29:13,849 - root - INFO - ****Proving customer info****
2022-06-23 07:29:13,849 - root - INFO - ****Proving customer info****
2022-06-23 07:29:13,849 - root - INFO - ****Proving customer info****
2022-06-23 07:29:14,323 - root - INFO - ****Proving customer info completed****
2022-06-23 07:29:14,323 - root - INFO - ****Proving customer info completed****
2022-06-23 07:29:14,323 - root - INFO - ****Proving customer info completed****
2022-06-23 07:29:14,323 - root - INFO - ****Proving customer info completed****
2022-06-23 07:29:14,323 - root - INFO - ****Saving customer info started****
2022-06-23 07:29:14,323 - root - INFO - ****Saving customer info started****
2022-06-23 07:29:14,323 - root - INFO - ****Saving customer info started****
2022-06-23 07:29:14,323 - root - INFO - ****Saving customer info started****
2022-06-23 07:29:16,167 - root - INFO - ****Saving customer info completed****
2022-06-23 07:29:16,167 - root - INFO - ****Saving customer info completed****
2022-06-23 07:29:16,167 - root - INFO - ****Saving customer info completed****
2022-06-23 07:29:16,167 - root - INFO - ****Saving customer info completed****
2022-06-23 07:29:16,167 - root - INFO - ****Add customer validation started****
2022-06-23 07:29:16,167 - root - INFO - ****Add customer validation started****
2022-06-23 07:29:16,167 - root - INFO - ****Add customer validation started****
2022-06-23 07:29:16,167 - root - INFO - ****Add customer validation started****
2022-06-23 07:29:16,187 - root - INFO - ****Add customer test passed****
2022-06-23 07:29:16,187 - root - INFO - ****Add customer test passed****
2022-06-23 07:29:16,187 - root - INFO - ****Add customer test passed****
2022-06-23 07:29:16,187 - root - INFO - ****Add customer test passed****
2022-06-23 07:29:16,187 - root - INFO - ****Add customer validation completed****
2022-06-23 07:29:16,187 - root - INFO - ****Add customer validation completed****
2022-06-23 07:29:16,187 - root - INFO - ****Add customer validation completed****
2022-06-23 07:29:16,187 - root - INFO - ****Add customer validation completed****
2022-06-23 07:29:26,266 - root - INFO - ****test_tc003_addcustomer started****
2022-06-23 07:29:26,266 - root - INFO - ****test_tc003_addcustomer started****
2022-06-23 07:29:26,266 - root - INFO - ****test_tc003_addcustomer started****
2022-06-23 07:29:26,266 - root - INFO - ****test_tc003_addcustomer started****
2022-06-23 07:29:27,184 - root - INFO - ****test_tc002_login started****
2022-06-23 07:29:27,184 - root - INFO - ****test_tc002_login started****
2022-06-23 07:29:27,184 - root - INFO - ****test_tc002_login started****
2022-06-23 07:29:27,184 - root - INFO - ****test_tc002_login started****
2022-06-23 07:29:48,690 - root - INFO - ****Verifying the loginpage title****
2022-06-23 07:29:48,690 - root - INFO - ****Verifying the loginpage title****
2022-06-23 07:29:48,690 - root - INFO - ****Verifying the loginpage title****
2022-06-23 07:29:48,690 - root - INFO - ****Verifying the loginpage title****
2022-06-23 07:29:48,693 - root - INFO - ****Loginpage title matched and passed****
2022-06-23 07:29:48,693 - root - INFO - ****Loginpage title matched and passed****
2022-06-23 07:29:48,693 - root - INFO - ****Loginpage title matched and passed****
2022-06-23 07:29:48,693 - root - INFO - ****Loginpage title matched and passed****
2022-06-23 07:29:48,756 - root - INFO - ****test_tc002_login completed****
2022-06-23 07:29:48,756 - root - INFO - ****test_tc002_login completed****
2022-06-23 07:29:48,756 - root - INFO - ****test_tc002_login completed****
2022-06-23 07:29:48,756 - root - INFO - ****test_tc002_login completed****
2022-06-23 09:32:40,349 - root - INFO - ****test_tc003_addcustomer started****
2022-06-23 09:32:40,349 - root - INFO - ****test_tc003_addcustomer started****
2022-06-23 09:32:40,349 - root - INFO - ****test_tc003_addcustomer started****
2022-06-23 09:32:40,349 - root - INFO - ****test_tc003_addcustomer started****
2022-06-23 09:32:42,187 - root - INFO - ****Trying to Login****
2022-06-23 09:32:42,187 - root - INFO - ****Trying to Login****
2022-06-23 09:32:42,187 - root - INFO - ****Trying to Login****
2022-06-23 09:32:42,187 - root - INFO - ****Trying to Login****
2022-06-23 09:33:01,837 - root - INFO - ****Login successful****
2022-06-23 09:33:01,837 - root - INFO - ****Login successful****
2022-06-23 09:33:01,837 - root - INFO - ****Login successful****
2022-06-23 09:33:01,837 - root - INFO - ****Login successful****
2022-06-23 09:33:01,838 - root - INFO - ****Add customer test started****
2022-06-23 09:33:01,838 - root - INFO - ****Add customer test started****
2022-06-23 09:33:01,838 - root - INFO - ****Add customer test started****
2022-06-23 09:33:01,838 - root - INFO - ****Add customer test started****
2022-06-23 09:33:35,347 - root - INFO - ****Proving customer info****
2022-06-23 09:33:35,347 - root - INFO - ****Proving customer info****
2022-06-23 09:33:35,347 - root - INFO - ****Proving customer info****
2022-06-23 09:33:35,347 - root - INFO - ****Proving customer info****
2022-06-23 09:33:35,825 - root - INFO - ****Proving customer info completed****
2022-06-23 09:33:35,825 - root - INFO - ****Proving customer info completed****
2022-06-23 09:33:35,825 - root - INFO - ****Proving customer info completed****
2022-06-23 09:33:35,825 - root - INFO - ****Proving customer info completed****
2022-06-23 09:33:35,826 - root - INFO - ****Saving customer info started****
2022-06-23 09:33:35,826 - root - INFO - ****Saving customer info started****
2022-06-23 09:33:35,826 - root - INFO - ****Saving customer info started****
2022-06-23 09:33:35,826 - root - INFO - ****Saving customer info started****
2022-06-23 09:33:37,510 - root - INFO - ****Saving customer info completed****
2022-06-23 09:33:37,510 - root - INFO - ****Saving customer info completed****
2022-06-23 09:33:37,510 - root - INFO - ****Saving customer info completed****
2022-06-23 09:33:37,510 - root - INFO - ****Saving customer info completed****
2022-06-23 09:33:37,511 - root - INFO - ****Add customer validation started****
2022-06-23 09:33:37,511 - root - INFO - ****Add customer validation started****
2022-06-23 09:33:37,511 - root - INFO - ****Add customer validation started****
2022-06-23 09:33:37,511 - root - INFO - ****Add customer validation started****
2022-06-23 09:33:37,531 - root - INFO - ****Add customer test passed****
2022-06-23 09:33:37,531 - root - INFO - ****Add customer test passed****
2022-06-23 09:33:37,531 - root - INFO - ****Add customer test passed****
2022-06-23 09:33:37,531 - root - INFO - ****Add customer test passed****
2022-06-23 09:33:37,531 - root - INFO - ****Add customer validation completed****
2022-06-23 09:33:37,531 - root - INFO - ****Add customer validation completed****
2022-06-23 09:33:37,531 - root - INFO - ****Add customer validation completed****
2022-06-23 09:33:37,531 - root - INFO - ****Add customer validation completed****
2022-06-23 09:33:47,612 - root - INFO - ****test_tc003_addcustomer started****
2022-06-23 09:33:47,612 - root - INFO - ****test_tc003_addcustomer started****
2022-06-23 09:33:47,612 - root - INFO - ****test_tc003_addcustomer started****
2022-06-23 09:33:47,612 - root - INFO - ****test_tc003_addcustomer started****
2022-06-23 09:33:48,450 - root - INFO - ****test_tc002_login started****
2022-06-23 09:33:48,450 - root - INFO - ****test_tc002_login started****
2022-06-23 09:33:48,450 - root - INFO - ****test_tc002_login started****
2022-06-23 09:33:48,450 - root - INFO - ****test_tc002_login started****
2022-06-23 09:34:09,198 - root - INFO - ****Verifying the loginpage title****
2022-06-23 09:34:09,198 - root - INFO - ****Verifying the loginpage title****
2022-06-23 09:34:09,198 - root - INFO - ****Verifying the loginpage title****
2022-06-23 09:34:09,198 - root - INFO - ****Verifying the loginpage title****
2022-06-23 09:34:09,201 - root - INFO - ****Loginpage title matched and passed****
2022-06-23 09:34:09,201 - root - INFO - ****Loginpage title matched and passed****
2022-06-23 09:34:09,201 - root - INFO - ****Loginpage title matched and passed****
2022-06-23 09:34:09,201 - root - INFO - ****Loginpage title matched and passed****
2022-06-23 09:34:09,264 - root - INFO - ****test_tc002_login completed****
2022-06-23 09:34:09,264 - root - INFO - ****test_tc002_login completed****
2022-06-23 09:34:09,264 - root - INFO - ****test_tc002_login completed****
2022-06-23 09:34:09,264 - root - INFO - ****test_tc002_login completed****
